<?xml version="1.0" encoding="UTF-8"?>
<robot generator="Robot 7.2 (Python 3.11.9 on win32)" generated="2025-02-03T16:08:41.982516" rpa="false" schemaversion="5">
<suite id="s1" name="Moodle" source="C:\Users\tommiluk\OneDrive - Metropolia Ammattikorkeakoulu Oy\2025 kevät\projekti-terveyssovelluksen-kehitys\testaus\robot\moodle.robot">
<test id="s1-t1" name="Login to Moodle" line="6">
<kw name="New Browser" owner="Browser">
<msg time="2025-02-03T16:08:42.472714" level="INFO">{"browser": "chromium", "headless": false, "chromiumSandbox": false, "devtools": false, "handleSIGHUP": true, "handleSIGINT": true, "handleSIGTERM": true, "slowMo": 0.0, "timeout": 30000.0, "tracesDir": "C:\\Users\\tommiluk\\OneDrive - Metropolia Ammattikorkeakoulu Oy\\2025 kev\u00e4t\\projekti-terveyssovelluksen-kehitys\\browser\\traces\\temp\\2ab4c77c-78b2-433e-8308-58f565883c93"}</msg>
<msg time="2025-02-03T16:08:42.868457" level="INFO">Starting Browser process C:\Users\tommiluk\OneDrive - Metropolia Ammattikorkeakoulu Oy\2025 kevät\projekti-terveyssovelluksen-kehitys\.venv\Lib\site-packages\Browser\wrapper\index.js using port 51704</msg>
<msg time="2025-02-03T16:08:42.868457" level="INFO">Node startup parameters: ['node', 'C:\\Users\\tommiluk\\OneDrive - Metropolia Ammattikorkeakoulu Oy\\2025 kevät\\projekti-terveyssovelluksen-kehitys\\.venv\\Lib\\site-packages\\Browser\\wrapper\\index.js', '51704']</msg>
<msg time="2025-02-03T16:08:47.744441" level="INFO">Successfully created browser with options: {"browser":"chromium","headless":false,"chromiumSandbox":false,"devtools":false,"handleSIGHUP":true,"handleSIGINT":true,"handleSIGTERM":true,"slowMo":0,"timeout":30000,"tracesDir":"C:\\Users\\tommiluk\\OneDrive - Metropolia Ammattikorkeakoulu Oy\\2025 kevät\\projekti-terveyssovelluksen-kehitys\\browser\\traces\\temp\\2ab4c77c-78b2-433e-8308-58f565883c93"}</msg>
<arg>chromium</arg>
<arg>headless=No</arg>
<tag>BrowserControl</tag>
<tag>Setter</tag>
<doc>Create a new playwright Browser with specified options.</doc>
<status status="PASS" start="2025-02-03T16:08:42.471709" elapsed="5.272732"/>
</kw>
<kw name="New Page" owner="Browser">
<msg time="2025-02-03T16:08:52.176068" level="INFO">Successfully initialized new page object and opened url: https://moodle.metropolia.fi</msg>
<msg time="2025-02-03T16:08:52.176068" level="INFO">No context was open. New context was automatically opened when this page is created.</msg>
<arg>https://moodle.metropolia.fi</arg>
<tag>BrowserControl</tag>
<tag>Setter</tag>
<doc>Open a new Page.</doc>
<status status="PASS" start="2025-02-03T16:08:47.748442" elapsed="4.427626"/>
</kw>
<kw name="Get Title" owner="Browser">
<msg time="2025-02-03T16:08:52.203163" level="INFO">Title: 'Etusivu | Moodle'</msg>
<msg time="2025-02-03T16:08:52.204164" level="INFO">${PageTitle} = Etusivu | Moodle</msg>
<var>${PageTitle}</var>
<tag>Assertion</tag>
<tag>Getter</tag>
<tag>PageContent</tag>
<doc>Returns the title of the current page.</doc>
<status status="PASS" start="2025-02-03T16:08:52.177086" elapsed="0.027078"/>
</kw>
<kw name="Should Be Equal As Strings" owner="BuiltIn">
<arg>${PageTitle}</arg>
<arg>Etusivu | Moodle</arg>
<doc>Fails if objects are unequal after converting them to strings.</doc>
<status status="PASS" start="2025-02-03T16:08:52.205160" elapsed="0.002003"/>
</kw>
<kw name="Get Element" owner="Browser">
<msg time="2025-02-03T16:08:52.274744" level="INFO">Locator found successfully.</msg>
<msg time="2025-02-03T16:08:52.275745" level="INFO">${kirjaudu} = xpath=(//a[@href='https://moodle.metropolia.fi/login/index.php' and text()='Kirjaudu'])[1]</msg>
<var>${kirjaudu}</var>
<arg>xpath=(//a[@href='https://moodle.metropolia.fi/login/index.php' and text()='Kirjaudu'])[1]</arg>
<tag>Getter</tag>
<tag>PageContent</tag>
<doc>Returns a reference to a Playwright [https://playwright.dev/docs/api/class-locator|Locator].</doc>
<status status="PASS" start="2025-02-03T16:08:52.208163" elapsed="0.067582"/>
</kw>
<kw name="Click With Options" owner="Browser">
<msg time="2025-02-03T16:08:52.279278" level="INFO">Clicks the element 'xpath=(//a[@href='https://moodle.metropolia.fi/login/index.php' and text()='Kirjaudu'])[1]'.</msg>
<arg>${kirjaudu}</arg>
<arg>delay=3 s</arg>
<tag>PageContent</tag>
<tag>Setter</tag>
<doc>Simulates mouse click on the element found by ``selector``.</doc>
<status status="PASS" start="2025-02-03T16:08:52.276259" elapsed="3.177711"/>
</kw>
<kw name="Get Element" owner="Browser">
<msg time="2025-02-03T16:08:55.666217" level="INFO">Locator found successfully.</msg>
<msg time="2025-02-03T16:08:55.667218" level="INFO">${metropolia} = xpath=//div[@class='text_to_html' and text()='Metropolia']</msg>
<var>${metropolia}</var>
<arg>xpath=//div[@class='text_to_html' and text()='Metropolia']</arg>
<tag>Getter</tag>
<tag>PageContent</tag>
<doc>Returns a reference to a Playwright [https://playwright.dev/docs/api/class-locator|Locator].</doc>
<status status="PASS" start="2025-02-03T16:08:55.454971" elapsed="0.212247"/>
</kw>
<kw name="Click With Options" owner="Browser">
<msg time="2025-02-03T16:08:55.673232" level="INFO">Clicks the element 'xpath=//div[@class='text_to_html' and text()='Metropolia']'.</msg>
<arg>${metropolia}</arg>
<arg>delay=3 s</arg>
<tag>PageContent</tag>
<tag>Setter</tag>
<doc>Simulates mouse click on the element found by ``selector``.</doc>
<status status="PASS" start="2025-02-03T16:08:55.671235" elapsed="3.165688"/>
</kw>
<kw name="Type Text" owner="Browser">
<msg time="2025-02-03T16:08:58.839391" level="INFO">Types the text 'somebody@example.com' in the given field.</msg>
<arg>id=username</arg>
<arg>${Username}</arg>
<tag>PageContent</tag>
<tag>Setter</tag>
<doc>Types the given ``txt`` into the text field found by ``selector``.</doc>
<status status="PASS" start="2025-02-03T16:08:58.837924" elapsed="0.804745"/>
</kw>
<kw name="Type Secret" owner="Browser">
<arg>id=password</arg>
<arg>$Password</arg>
<tag>PageContent</tag>
<tag>Setter</tag>
<doc>Types the given secret from ``variable_name`` into the text field
found by ``selector``.</doc>
<status status="PASS" start="2025-02-03T16:08:59.642669" elapsed="0.089865"/>
</kw>
<kw name="Click With Options" owner="Browser">
<msg time="2025-02-03T16:08:59.732534" level="INFO">Clicks the element '"Login"'.</msg>
<msg time="2025-02-03T16:09:10.271708" level="INFO" html="true">&lt;/td&gt;&lt;/tr&gt;&lt;tr&gt;&lt;td colspan="3"&gt;&lt;a href="browser/screenshot/fail-screenshot-1.png" target="_blank"&gt;&lt;img src="browser/screenshot/fail-screenshot-1.png" width="800px"/&gt;&lt;/a&gt;</msg>
<msg time="2025-02-03T16:09:10.271708" level="INFO">See also file:///C:/Users/tommiluk/OneDrive%20-%20Metropolia%20Ammattikorkeakoulu%20Oy/2025%20kev%C3%A4t/projekti-terveyssovelluksen-kehitys/playwright-log-1738591722358484600.txt for additional details.</msg>
<msg time="2025-02-03T16:09:10.272704" level="FAIL">TimeoutError: locator.click: Timeout 10000ms exceeded.
Call log:
  - waiting for locator('text="Login"')
    - locator resolved to &lt;button type="submit" name="_eventId_proceed" class="btn btn-lg btn-primary login-button" onclick="this.childNodes[0].nodeValue='Please wait...'"&gt;Login&lt;/button&gt;
  - attempting click action
    - waiting for element to be visible, enabled and stable
    - element is visible, enabled and stable
    - scrolling into view if needed
    - done scrolling
    - performing click action
</msg>
<arg>"Login"</arg>
<arg>delay= 10 s</arg>
<tag>PageContent</tag>
<tag>Setter</tag>
<doc>Simulates mouse click on the element found by ``selector``.</doc>
<status status="FAIL" start="2025-02-03T16:08:59.732534" elapsed="10.551696">TimeoutError: locator.click: Timeout 10000ms exceeded.
Call log:
  - waiting for locator('text="Login"')
    - locator resolved to &lt;button type="submit" name="_eventId_proceed" class="btn btn-lg btn-primary login-button" onclick="this.childNodes[0].nodeValue='Please wait...'"&gt;Login&lt;/button&gt;
  - attempting click action
    - waiting for element to be visible, enabled and stable
    - element is visible, enabled and stable
    - scrolling into view if needed
    - done scrolling
    - performing click action
</status>
</kw>
<msg time="2025-02-03T16:09:10.289224" level="INFO">Set timeout to: 10000</msg>
<status status="FAIL" start="2025-02-03T16:08:42.468711" elapsed="27.816512">TimeoutError: locator.click: Timeout 10000ms exceeded.
Call log:
  - waiting for locator('text="Login"')
    - locator resolved to &lt;button type="submit" name="_eventId_proceed" class="btn btn-lg btn-primary login-button" onclick="this.childNodes[0].nodeValue='Please wait...'"&gt;Login&lt;/button&gt;
  - attempting click action
    - waiting for element to be visible, enabled and stable
    - element is visible, enabled and stable
    - scrolling into view if needed
    - done scrolling
    - performing click action
</status>
</test>
<status status="FAIL" start="2025-02-03T16:08:41.982516" elapsed="28.309746"/>
</suite>
<statistics>
<total>
<stat pass="0" fail="1" skip="0">All Tests</stat>
</total>
<tag>
</tag>
<suite>
<stat name="Moodle" id="s1" pass="0" fail="1" skip="0">Moodle</stat>
</suite>
</statistics>
<errors>
</errors>
</robot>
